50
 energy: -80.479285160073 gnorm: 0.097578568731 xtb: 6.3.3 (4ae9cef)
O         1.42398700000000   -1.14538600000000   -3.33501400000000
C         1.65263300000000   -0.48003700000000   -2.33017500000000
C         3.02497200000000    0.02909300000000   -2.13131600000000
C         3.54690800000000    0.95095600000000   -3.04067500000000
C         4.84317500000000    1.43321400000000   -2.86295500000000
C         5.61561600000000    0.98163900000000   -1.79077200000000
C         5.09849800000000    0.04234300000000   -0.89624600000000
C         3.80162300000000   -0.44192600000000   -1.06726300000000
N         0.71360500000000   -0.21116500000000   -1.35451500000000
C         0.79901300000000    0.87571500000000   -0.37204800000000
C         0.68058700000000    2.29521100000000   -1.03614800000000
O         0.51351000000000    3.32033000000000   -0.16128100000000
O         0.80348600000000    2.51442100000000   -2.23592600000000
N        -0.34468100000000    0.62532400000000    0.51972800000000
C        -0.33737600000000    1.14424300000000    1.79362700000000
C        -1.26636500000000    0.61502900000000    2.80509700000000
C        -2.29348000000000    1.43846200000000    3.27375600000000
C        -3.17344000000000    0.95368700000000    4.24102900000000
C        -3.01469000000000   -0.33914300000000    4.74430400000000
C        -1.97105100000000   -1.14898300000000    4.29118500000000
C        -1.08824300000000   -0.67147900000000    3.32269400000000
O         0.40360700000000    2.08077200000000    2.08973900000000
C        -1.14392200000000   -0.48382100000000    0.00008300000000
C        -0.66603600000000   -0.63520000000000   -1.44970800000000
C        -1.00930800000000   -2.04045500000000   -1.93495700000000
C        -2.40140400000000   -2.47329700000000   -1.43209800000000
C        -3.30149600000000   -1.28849900000000   -1.04820600000000
C        -2.66540700000000   -0.36347200000000    0.00911600000000
H         2.94067200000000    1.30011400000000   -3.87400200000000
H         5.25082100000000    2.15921600000000   -3.56206900000000
H         6.62763400000000    1.35740000000000   -1.65867200000000
H         5.71178300000000   -0.31691400000000   -0.07355400000000
H         3.40702900000000   -1.18968200000000   -0.38496600000000
H         1.73934400000000    0.82868400000000    0.18449600000000
H         0.52680600000000    3.03035500000000    0.78470800000000
H        -2.41008100000000    2.44903700000000    2.88995600000000
H        -3.97948500000000    1.58452500000000    4.60866200000000
H        -3.70015600000000   -0.71213500000000    5.50234000000000
H        -1.84385300000000   -2.14845400000000    4.70056000000000
H        -0.26531200000000   -1.29642600000000    2.98696100000000
H        -0.84248700000000   -1.36704400000000    0.58000700000000
H        -1.15896400000000    0.10062200000000   -2.10194000000000
H        -0.99758200000000   -2.06019700000000   -3.03105500000000
H        -0.26123900000000   -2.77063900000000   -1.60339100000000
H        -2.89277800000000   -3.08633700000000   -2.19622600000000
H        -2.27709000000000   -3.11814100000000   -0.55269500000000
H        -3.51659500000000   -0.70303300000000   -1.95129200000000
H        -4.26732300000000   -1.65436600000000   -0.68126200000000
H        -3.05381600000000   -0.63462500000000    0.99639800000000
H        -2.98164900000000    0.67046400000000   -0.17402100000000
50
 energy: -80.489617013270 gnorm: 0.033827294568 xtb: 6.3.3 (4ae9cef)
O         1.39121058546592   -1.14757987240340   -3.30824128250172
C         1.64067694368427   -0.47046064414992   -2.32863945796844
C         3.01567100697726    0.05389317740372   -2.11102459856381
C         3.54704266437070    0.95767152883844   -3.02388862998028
C         4.84067646385539    1.42587979243604   -2.85567693610427
C         5.61059439963860    0.97737159646299   -1.79283622957656
C         5.09625608638163    0.04431841687583   -0.90502725131781
C         3.79831761637211   -0.41765104070582   -1.06002826474114
N         0.71519150540356   -0.21427793649960   -1.35093349268555
C         0.78828805557086    0.87032238330701   -0.38253520605013
C         0.70462484947551    2.28080275581121   -1.04426742831977
O         0.51943545267723    3.29519049053587   -0.19724639004807
O         0.78100636118852    2.45789580936205   -2.22906590037227
N        -0.34656284834766    0.61920037518531    0.51776148382857
C        -0.34531117449717    1.13716207347923    1.77595841813013
C        -1.28999150648133    0.59629333533946    2.77983262101481
C        -2.30048408414601    1.42040979712060    3.26643488301591
C        -3.16628007928237    0.94542294163718    4.23886480897018
C        -3.00959066226856   -0.33759012670674    4.74173192889068
C        -1.97385118754202   -1.14209360625678    4.29012339716564
C        -1.11156431631661   -0.67848112938539    3.30884936314530
O         0.40602969124356    2.06432405708796    2.07430546308185
C        -1.14667499844376   -0.49366749546047    0.00803245320692
C        -0.67700394274071   -0.62284593626725   -1.44395634794772
C        -0.99864094317126   -2.02901086746353   -1.94153001366943
C        -2.38374721434618   -2.45994373364432   -1.41295962943304
C        -3.28186054405328   -1.27275571629145   -1.05198616434607
C        -2.66622554346229   -0.35857568957174    0.03001114542792
H         2.94226135782258    1.29897161253781   -3.85216975721917
H         5.24705997717941    2.14586594280931   -3.55304377970505
H         6.61700808806355    1.35177525683485   -1.65951016633379
H         5.70554578358484   -0.31545278731497   -0.08627285490981
H         3.40459831412986   -1.16539166540720   -0.38337469289971
H         1.73438308882716    0.83766132655486    0.17264072402834
H         0.55475067133283    3.01148040461166    0.75681044289473
H        -2.40879145478115    2.42660608312144    2.88499498327631
H        -3.96510841745995    1.57603967455332    4.60516309423385
H        -3.69137751870102   -0.70842487785516    5.49530855319756
H        -1.84292927332414   -2.13462949439712    4.69966050543703
H        -0.28482786602164   -1.29461494976174    2.98137656055142
H        -0.85201265700637   -1.39569422604051    0.56193305519032
H        -1.19849307380829    0.11061690220346   -2.07770563591873
H        -0.98084235198034   -2.04122352307722   -3.03254567943273
H        -0.24258944190989   -2.74142054708405   -1.60331285342659
H        -2.88263341670300   -3.06236682235833   -2.17589686570513
H        -2.27173000285263   -3.10003918387221   -0.53279078111958
H        -3.49039842603737   -0.69838170760870   -1.95861794640715
H        -4.24210324924843   -1.64861052598532   -0.68994320417327
H        -3.04903247947222   -0.63067675819728    1.01660637720487
H        -2.95997028883971    0.67668512965664   -0.16137482101560
50
 energy: -80.492033695300 gnorm: 0.018562438830 xtb: 6.3.3 (4ae9cef)
O         1.36105915221681   -1.14563505692997   -3.29311766911183
C         1.62785589745311   -0.46394453606867   -2.32831433870110
C         3.00341257372432    0.07354590191432   -2.09649205890189
C         3.54029253497041    0.97080733608288   -3.00922005910228
C         4.83413500237842    1.43003980774458   -2.84694663563634
C         5.60484228977301    0.97942244283959   -1.79043689739602
C         5.08698612869375    0.05414815476344   -0.90204741731386
C         3.78846000955097   -0.39744893617207   -1.05089326314488
N         0.71483627115275   -0.21739738918456   -1.34428808358341
C         0.78184681214369    0.86215053954350   -0.38581958974631
C         0.67282556152974    2.25687054987367   -1.06738532849609
O         0.57619349882475    3.27218592101354   -0.23170996841464
O         0.77117346338980    2.39359722011284   -2.24768426683359
N        -0.34160034363891    0.60660443265012    0.52228886782427
C        -0.34785963099292    1.13044631555139    1.76340839154762
C        -1.30543050780161    0.58293667269725    2.76051936793007
C        -2.31102830017790    1.40553657506966    3.25292562066405
C        -3.16878523572570    0.93706308930746    4.23023364832588
C        -3.01125812421686   -0.34040169629568    4.73723478506446
C        -1.98118156479803   -1.14392716487771    4.28223168935727
C        -1.12750660435455   -0.68633637817862    3.29575738228336
O         0.40709784102823    2.05539789940356    2.06120925137842
C        -1.14229652941782   -0.50391910937864    0.01795857804191
C        -0.68402008930230   -0.61367787356073   -1.43644199718874
C        -0.99178392462713   -2.01798644297940   -1.94277800282979
C        -2.37154293818095   -2.44890398333413   -1.40127742038232
C        -3.26803316528615   -1.26056109834287   -1.04672816827496
C        -2.65996867738256   -0.35353573151529    0.04655859519286
H         2.93439597890701    1.30810821549021   -3.83369305740274
H         5.24422588096490    2.13779753874716   -3.55050646825384
H         6.61412478839429    1.34087198698099   -1.66433383650741
H         5.69691935063955   -0.31689847545044   -0.09207517118175
H         3.39009848642967   -1.13678647595040   -0.37040039402190
H         1.73248136464381    0.84522367485504    0.17185915012535
H         0.59749583614016    2.98755887318260    0.72727358781646
H        -2.41453976095569    2.40806847315418    2.86865277859871
H        -3.95598615858498    1.57322471571343    4.60349699808567
H        -3.68245302786254   -0.70501676383362    5.49909255434478
H        -1.84006187614049   -2.12890889995511    4.69927975994107
H        -0.30633715245372   -1.30263225075422    2.96206588747014
H        -0.85313223221006   -1.41874565792823    0.55245783337121
H        -1.22040553208415    0.12365615357833   -2.05227264991845
H        -0.97357092974072   -2.02447425167462   -3.03008088393588
H        -0.22410283293465   -2.71292130112907   -1.60147224599994
H        -2.87619930957413   -3.05210252582851   -2.15699837684320
H        -2.25358778320452   -3.07770951354882   -0.51720493799238
H        -3.45859256502907   -0.68355128534301   -1.95184933618873
H        -4.23045884487159   -1.63780759404629   -0.69718163778300
H        -3.04425623179741   -0.62903023474795    1.02899711798859
H        -2.93477884960202    0.68499813673890   -0.14385368426491
50
 energy: -80.492869495838 gnorm: 0.012478168495 xtb: 6.3.3 (4ae9cef)
O         1.34726283889001   -1.14190212354034   -3.29473442851683
C         1.62222540831313   -0.46475464099942   -2.33065519729425
C         2.99545033635236    0.08108687490491   -2.09241387527991
C         3.53285117073666    0.98129388503436   -3.00227670307113
C         4.82824081547388    1.43678680617212   -2.84149901458125
C         5.60088856991000    0.98064171203725   -1.78806215394853
C         5.07765241631257    0.06155859104468   -0.89542850360834
C         3.77773993733675   -0.38630162577734   -1.04337860640175
N         0.71663292766104   -0.22472658377046   -1.33881597525098
C         0.78927308440037    0.84950242097603   -0.38310428363404
C         0.69989078194927    2.24070225508624   -1.07833150969938
O         0.58717606177631    3.25603644650203   -0.25607586845940
O         0.72953700038784    2.34267977579932   -2.27404649479776
N        -0.33026244359169    0.59466453064553    0.52874844251546
C        -0.34566145344305    1.12896759688300    1.75943637889553
C        -1.31011997776204    0.57876626407447    2.75176827097051
C        -2.31912549166441    1.39865393057797    3.24150388578504
C        -3.17380916777846    0.93231580372254    4.22252258678505
C        -3.01250748864757   -0.34310877704144    4.73507908149546
C        -1.98577494523850   -1.14847963823773    4.27430909336940
C        -1.13442154260616   -0.69182768224270    3.28520994544953
O         0.40315499410665    2.06088599047776    2.05400874917910
C        -1.13478465055335   -0.50994152204154    0.02549231401078
C        -0.68452009490112   -0.61049979741695   -1.43082062619394
C        -0.99210221025355   -2.01065883526555   -1.94275145550062
C        -2.36751212806856   -2.44220362468893   -1.39382900382242
C        -3.26102774401481   -1.25026892523940   -1.04078062008775
C        -2.65149238362851   -0.35104788533651    0.05780210385537
H         2.92407839934642    1.32122531194199   -3.82337857764140
H         5.24067741385006    2.14006117217691   -3.54801231872718
H         6.61424948419572    1.33232693912299   -1.66711457507013
H         5.68691068882775   -0.31491525966868   -0.08763216121306
H         3.37431770093696   -1.11767196998096   -0.35692043529996
H         1.74087818552549    0.83709067937501    0.17424994102474
H         0.63213655751314    2.97849422700685    0.70744663249292
H        -2.42383759790282    2.39880062328412    2.85179114065773
H        -3.95710582913888    1.57130365099679    4.59860186863396
H        -3.67712397210294   -0.70435227593482    5.50425282830967
H        -1.83988809182928   -2.13159353382724    4.69394080548304
H        -0.31900474797260   -1.31152939366299    2.94360300246389
H        -0.84907654371516   -1.42982623841009    0.55140485073297
H        -1.22059510147742    0.13450855314800   -2.03572679702298
H        -0.97728164526384   -2.01368402731544   -3.02918568551489
H        -0.21762084495740   -2.69821430819048   -1.60352817815452
H        -2.87615035216360   -3.05060525097302   -2.14178937823087
H        -2.24020019520880   -3.06200087889066   -0.50534504742800
H        -3.43628024491525   -0.66671473167271   -1.94422073171519
H        -4.22843655269709   -1.62275254607889   -0.70163759275888
H        -3.03922850166735   -0.62941605600266    1.03728876335526
H        -2.91627283063817    0.69064409121610   -0.12696688654014
50
 energy: -80.493287889279 gnorm: 0.008939836542 xtb: 6.3.3 (4ae9cef)
O         1.34732835385245   -1.13792957235093   -3.30421441210874
C         1.62208100006488   -0.46667081992096   -2.33535506461460
C         2.99250465321082    0.08185487239803   -2.09533567193918
C         3.52884981232843    0.98662478148213   -3.00214479474577
C         4.82488920056572    1.44188484343295   -2.83943736356869
C         5.59768010292881    0.98160086500867   -1.78632737446565
C         5.07089723476886    0.06578031274488   -0.89064207928720
C         3.77013810864653   -0.38153176397483   -1.04018668761611
N         0.72017970360442   -0.23508283097565   -1.33578112749313
C         0.79598644705608    0.83947037953136   -0.38149639290218
C         0.69573736697199    2.23005765971235   -1.08285329448480
O         0.61619943797580    3.25385033219637   -0.26390830633489
O         0.71181854748726    2.31953353530165   -2.28022547554899
N        -0.32156085154749    0.58562532390949    0.53216314459052
C        -0.34497823397099    1.13232884544881    1.75811606573237
C        -1.30900500417184    0.58139084031765    2.74994694529935
C        -2.32215995954384    1.39895408803009    3.23653547655786
C        -3.17673884542826    0.93122224923784    4.21815768334149
C        -3.01160578714386   -0.34383319521437    4.73340704504183
C        -1.98623470902295   -1.15052542813149    4.26853772409989
C        -1.13542360506134   -0.69271826438495    3.27813741842962
O         0.39880611967898    2.07005793842916    2.04905924586078
C        -1.12923644120505   -0.51495748535715    0.02911284757992
C        -0.68115233676404   -0.61470463781523   -1.42793431055381
C        -0.99640265729474   -2.01075771165585   -1.94318404534030
C        -2.36908570141347   -2.44056281324445   -1.38803709744520
C        -3.25863488510501   -1.24370466816920   -1.03735521492304
C        -2.64547131770619   -0.35261664534237    0.06504220264156
H         2.91816498393553    1.33086845772583   -3.82133112797830
H         5.23716012928855    2.14841033615853   -3.54360182910234
H         6.61276912774056    1.33005616903481   -1.66605013809136
H         5.67711754664759   -0.30763920293966   -0.07854146934713
H         3.36410131806427   -1.10967853936215   -0.35101490384407
H         1.74706068441359    0.83137922868223    0.17579791848270
H         0.65114652796559    2.97715148997655    0.70033819783447
H        -2.43157292693766    2.39753416053732    2.84208065221689
H        -3.96392178211400    1.56824100167962    4.59095792575205
H        -3.67463483430716   -0.70524135070579    5.50477317996097
H        -1.84209363554398   -2.13611885406564    4.68450087944356
H        -0.32200343320926   -1.31441865104581    2.93337250092674
H        -0.84376005519618   -1.43455448519551    0.55421882560378
H        -1.21053200724600    0.13721631408675   -2.02895116152619
H        -0.98714920782427   -2.01086230226138   -3.03035995339559
H        -0.22137101570713   -2.70069529835532   -1.60994836983291
H        -2.88088053959121   -3.05336136059458   -2.13019508817304
H        -2.23773228129613   -3.05551867303763   -0.49602289593508
H        -3.42534652675539   -0.65608174447316   -1.94060406561976
H        -4.23035476100595   -1.60919967039553   -0.70333154684940
H        -3.03440749210931   -0.63329770218021    1.04390482873578
H        -2.90716557297400    0.69116964608670   -0.11379144506478
50
 energy: -80.493692871106 gnorm: 0.006673408700 xtb: 6.3.3 (4ae9cef)
O         1.34628848966154   -1.12631325519317   -3.32252228083732
C         1.62235746068629   -0.46884115048179   -2.34413651698224
C         2.98850108274326    0.08284334342514   -2.10250008920911
C         3.52385651490204    0.99442799779356   -3.00356588947769
C         4.81888118691080    1.45194445702808   -2.83445944114707
C         5.58884438369814    0.98830626506226   -1.77972347817211
C         5.05774418839541    0.07599577912100   -0.88192273885858
C         3.75830292644533   -0.37426247160213   -1.03802242435947
N         0.72922908005150   -0.25760463116573   -1.32816348555849
C         0.81024040392085    0.82004328800133   -0.37793841671571
C         0.69631938593722    2.20929619240189   -1.09050394251823
O         0.66733477485980    3.24437357212894   -0.27903469525947
O         0.67906702574650    2.28289087095708   -2.28719165920826
N        -0.30353347553448    0.56793256618163    0.53977851382025
C        -0.34384252098380    1.13934631391664    1.75564350141486
C        -1.30709333154515    0.58835917928543    2.74671429883455
C        -2.32693060954095    1.40108032664466    3.22874140380012
C        -3.18266218336379    0.92904800366411    4.20820710304305
C        -3.01230465490145   -0.34569024054700    4.72430867126143
C        -1.98744270351315   -1.15202830243825    4.25548897535403
C        -1.13565843487176   -0.69020592491350    3.26701740305218
O         0.38795391004374    2.08943104450260    2.03811064323540
C        -1.11846874694451   -0.52550976800724    0.03733398763126
C        -0.67405893880220   -0.62397922488318   -1.42125506765569
C        -1.00616963075475   -2.01281928733326   -1.94409625961111
C        -2.37467892560183   -2.43725760527624   -1.37733096950055
C        -3.25481998510072   -1.23168727776223   -1.02962829058468
C        -2.63382409233778   -0.35635990752467    0.07936481195265
H         2.91230498213157    1.34322764090989   -3.82145089889951
H         5.23139476354189    2.16425562040289   -3.53356363338841
H         6.60589489019366    1.33205017501318   -1.65948960376176
H         5.65823951393991   -0.29079644647626   -0.06180843913796
H         3.34843822388033   -1.09868211177488   -0.34670800993433
H         1.76055887428104    0.81852671225081    0.17793818427922
H         0.68513412916329    2.96985261089490    0.68655906154473
H        -2.44279301587320    2.39812003753503    2.83027795534662
H        -3.97637422988083    1.56174493343951    4.57649662187203
H        -3.67175054426833   -0.70770224592748    5.49925762275136
H        -1.84639858588108   -2.14169283901488    4.66468315589348
H        -0.32439130887521   -1.31362730694243    2.91875354077855
H        -0.83304386407781   -1.44647241246930    0.55930199107530
H        -1.19184582707508    0.14066075216724   -2.01597629458957
H        -1.01133612186160   -2.00452809113914   -3.03232574969884
H        -0.23217367699166   -2.71237854407343   -1.62742204894352
H        -2.89329028436860   -3.05788208224660   -2.10827194590812
H        -2.23796842291203   -3.04274907513148   -0.47885153934041
H        -3.40492644953758   -0.63747039884086   -1.93229371127166
H        -4.23512222863143   -1.58274067538055   -0.70511152203001
H        -3.02225455004588   -0.64579493429906    1.05651028335157
H        -2.89172884705740    0.69131852811691   -0.08522068773291
50
 energy: -80.493869578966 gnorm: 0.006161123030 xtb: 6.3.3 (4ae9cef)
O         1.34274710724523   -1.11656732320859   -3.33341698500442
C         1.62227289044245   -0.46955711142519   -2.34916735959428
C         2.98689920514263    0.08357065270921   -2.10738485870798
C         3.52261732634296    0.99755800857768   -3.00555102989466
C         4.81564689307888    1.45869692413123   -2.83086745201065
C         5.58235077039853    0.99668277795410   -1.77334666914704
C         5.05031967987772    0.08379036660500   -0.87706129753178
C         3.75312286905075   -0.37042650284062   -1.03892975301434
N         0.73637462071408   -0.27412242345605   -1.32200802569412
C         0.81988176127069    0.80700163992425   -0.37486013181229
C         0.70103502422269    2.19390314420663   -1.09462952204472
O         0.69706904428737    3.23357185131701   -0.28957227761854
O         0.65712456762247    2.26019552327237   -2.29037480929434
N        -0.29207475696179    0.55726235067503    0.54507535016855
C        -0.34359831067884    1.14421197517989    1.75326208583008
C        -1.30679316562416    0.59378945748835    2.74385356415401
C        -2.32899840470613    1.40381560644712    3.22506660334241
C        -3.18625532574160    0.92818363800431    4.20146735121483
C        -3.01464553394129   -0.34703507402456    4.71530960719435
C        -1.98844023414384   -1.15133026536420    4.24641062030439
C        -1.13544793792953   -0.68612025961172    3.26081299503215
O         0.38052604084653    2.10185522086032    2.02960018502823
C        -1.11174533832585   -0.53288651407134    0.04337463024513
C        -0.66949899779804   -0.63091355650222   -1.41616497338222
C        -1.01374471766656   -2.01487863155316   -1.94538851762829
C        -2.37989140723141   -2.43467216019455   -1.37027698506405
C        -3.25234176774689   -1.22338157331489   -1.02432519515366
C        -2.62652159088757   -0.35969236062756    0.09024529894316
H         2.91291992506122    1.34525838093786   -3.82522188680875
H         5.22861476918396    2.17379452965067   -3.52687303095667
H         6.59782351266350    1.34292675668877   -1.64915935154722
H         5.64755832014518   -0.27888465714890   -0.05271919950964
H         3.34223425335288   -1.09589957407358   -0.34970040581866
H         1.77042853200867    0.80813777600851    0.17917607888961
H         0.70717164161014    2.96296194540106    0.67783961097640
H        -2.44624741823581    2.40118374083350    2.82807082196700
H        -3.98322743783015    1.55786167793759    4.56798438892053
H        -3.67491803687059   -0.71161074496190    5.48808803584104
H        -1.84843077616404   -2.14258475805473    4.65219321767351
H        -0.32284924907120   -1.30790461083199    2.91322293740858
H        -0.82642900953761   -1.45565215951530    0.56260003044436
H        -1.18125629568210    0.14028237162687   -2.00798496200782
H        -1.02981509578240   -1.99811194219856   -3.03377844896849
H        -0.24152167264800   -2.72282006252661   -1.64216957513077
H        -2.90317652089201   -3.05812972879229   -2.09530715665073
H        -2.24102694918106   -3.03549104349590   -0.46896428046054
H        -3.39251338303615   -0.62507578255407   -1.92583417931891
H        -4.23756159546888   -1.56510641799714   -0.70493534063132
H        -3.01301999784165   -0.65785700935458    1.06573128934914
H        -2.88274782694332    0.69021593126281   -0.06341304252077
50
 energy: -80.494031812618 gnorm: 0.003543336960 xtb: 6.3.3 (4ae9cef)
O         1.33518857244004   -1.10417962537244   -3.34441629644967
C         1.62155691105891   -0.47012790634724   -2.35407584494875
C         2.98646140307945    0.08301584831399   -2.11360358090266
C         3.52330796901064    0.99759907823242   -3.00994965355243
C         4.81229762697821    1.46664644114715   -2.82709069102638
C         5.57411170018669    1.01181310922518   -1.76365497707251
C         5.04358714765871    0.09385031650881   -0.87243359553773
C         3.75069620002520   -0.36836864449172   -1.04271633087377
N         0.74492461964493   -0.29387070813361   -1.31451212230064
C         0.82980027468885    0.79259542145456   -0.37094467684284
C         0.70913151508387    2.17539902422192   -1.09730382845244
O         0.72847195233983    3.21871011966883   -0.30049347707263
O         0.63652634189504    2.23710505176917   -2.29078729233659
N        -0.28089677550961    0.54697736091802    0.55078481236846
C        -0.34345464218186    1.14954687804174    1.75007295375876
C        -1.30662280079323    0.60115531814415    2.74104926982863
C        -2.32949249032069    1.40910911558522    3.22324146837208
C        -3.19027120287181    0.92837195679272    4.19380066413100
C        -3.02052823845435   -0.34890771469629    4.70169874200006
C        -1.98997040668435   -1.14895726182697    4.23636945133454
C        -1.13398727086031   -0.67887639517880    3.25638933909602
O         0.37319016816502    2.11459960995162    2.01903508846365
C        -1.10491273632468   -0.54154531394285    0.05023008212174
C        -0.66470984460428   -0.63959072940300   -1.41015633855296
C        -1.02294824855588   -2.01803488849249   -1.94725334626077
C        -2.38757242845480   -2.43172350190551   -1.36430123693205
C        -3.25050708017620   -1.21492650297082   -1.01802804001284
C        -2.61913686936411   -0.36491713078612    0.10321187742691
H         2.91771914928447    1.34030005695424   -3.83425720278163
H         5.22587949684067    2.18346794087036   -3.52059022530993
H         6.58530089738907    1.36690491884647   -1.63133569237175
H         5.63839683747184   -0.26521786325507   -0.04510103271922
H         3.34032055610495   -1.09839439372454   -0.35855308341845
H         1.78112712001546    0.79462528211935    0.18063185023511
H         0.73081915177713    2.95516306287055    0.67006120307178
H        -2.44545654988980    2.40831675003517    2.83152484719513
H        -3.98909822210785    1.55525904850175    4.56033211944669
H        -3.68492942238875   -0.71822639710671    5.46824970561176
H        -1.84974361023588   -2.14073722358338    4.64002074401281
H        -0.31765592961083   -1.29665638951197    2.91149180285938
H        -0.81914943983924   -1.46612233897567    0.56678072931669
H        -1.17067224065603    0.13696076475360   -2.00036756551782
H        -1.05121007158705   -1.98919720174337   -3.03512413725227
H        -0.25409989499378   -2.73668903148521   -1.66037464895958
H        -2.91601022008264   -3.05533395556554   -2.08515172561803
H        -2.24764621768808   -3.02986557075603   -0.46178972402690
H        -3.38086925962870   -0.61163265078557   -1.91711988106892
H        -4.24042257568706   -1.54683341246257   -0.70317153865257
H        -3.00213952190128   -0.67557428129514    1.07617723471196
H        -2.87470139968573    0.68701455887157   -0.03649819853866
50
 energy: -80.494087642501 gnorm: 0.001551192710 xtb: 6.3.3 (4ae9cef)
O         1.32719449027759   -1.09639055002716   -3.35002537824374
C         1.61994446055690   -0.47070222378148   -2.35656179684689
C         2.98640074128473    0.08125576055841   -2.11742562447825
C         3.52382171241028    0.99549014928618   -3.01358455891633
C         4.80937545288636    1.47171848819477   -2.82525721948955
C         5.56828236426638    1.02398114200642   -1.75701142353763
C         5.04019959905613    0.10045709628894   -0.87019011130535
C         3.75078398658563   -0.36867245083248   -1.04597394942314
N         0.74924431011055   -0.30485682591936   -1.31026296631258
C         0.83466311421408    0.78441826497304   -0.36834440395712
C         0.71508346136188    2.16367566716345   -1.09830598198469
O         0.75034427988410    3.20976637699468   -0.30651085601603
O         0.62489444722387    2.22181296969848   -2.29162686074839
N        -0.27581407323547    0.54212705152190    0.55390995205080
C        -0.34259883728781    1.15206997328003    1.74829245987376
C        -1.30613345305967    0.60588131619227    2.74017981285827
C        -2.32855512089002    1.41342954977339    3.22331421157062
C        -3.19260828082872    0.92955968999394    4.18928310239865
C        -3.02604498211579   -0.34986259166937    4.69239669991920
C        -1.99167851369173   -1.14705997738746    4.23095452812736
C        -1.13271718118370   -0.67392470285026    3.25549610006811
O         0.37140194030345    2.12026152435480    2.01313166411237
C        -1.10119824294368   -0.54688197749434    0.05438297450451
C        -0.66265937248671   -0.64447493888023   -1.40647593314446
C        -1.02789155408816   -2.01971293488156   -1.94828675675927
C        -2.39249428409500   -2.43016945394687   -1.36285517143631
C        -3.24986741631209   -1.21083964531431   -1.01420649168727
C        -2.61525050982982   -0.36919511165799    0.11134545292605
H         2.92132392008967    1.33326461521642   -3.84192387544557
H         5.22272187963645    2.18925606137595   -3.51788262861384
H         6.57513296078276    1.38878730779585   -1.61741921119187
H         5.63434229314424   -0.25687242768163   -0.04187203266492
H         3.34191703783153   -1.10282974946476   -0.36540100243702
H         1.78682647739686    0.78552796119522    0.18195035245172
H         0.74936725867244    2.95164347699326    0.66660405446378
H        -2.44208792799922    2.41440167783793    2.83583566344602
H        -3.99180673599688    1.55543102152035    4.55614457652123
H        -3.69567927159167   -0.72314174212572    5.45235895555731
H        -1.85099869754587   -2.13873359689022    4.63407186793008
H        -0.31335963353601   -1.28870597532030    2.91279391559885
H        -0.81447479123389   -1.47195770039144    0.56974250165719
H        -1.16596461315771    0.13453447921778   -1.99578687405844
H        -1.06107864226954   -1.98366719420373   -3.03538475405496
H        -0.26155627689711   -2.74348352638641   -1.66913553636274
H        -2.92386058887757   -3.05126074412100   -2.08361262049891
H        -2.25276307302585   -3.02924379192665   -0.46119288723494
H        -3.37559594117102   -0.60363553185113   -1.91098951564016
H        -4.24183523588065   -1.53827873708197   -0.70140559500868
H        -2.99599975216205   -0.68783415792452    1.08241178429188
H        -2.87069318458236    0.68363663857878   -0.01969061282901
50
 energy: -80.494105866870 gnorm: 0.004668501189 xtb: 6.3.3 (4ae9cef)
O         1.31841291995774   -1.09130274189114   -3.35385499764220
C         1.61765396667235   -0.47229326829396   -2.35841570734751
C         2.98647575164237    0.07697365090632   -2.12117308571972
C         3.52325639426136    0.99084999243338   -3.01811179815165
C         4.80490237999969    1.47587771125898   -2.82520269270203
C         5.56192743641733    1.03653558053076   -1.75210688453958
C         5.03787343948554    0.10630460194853   -0.86951174418786
C         3.75220538995632   -0.37109242313349   -1.04967749791078
N         0.75108082039066   -0.31105869576870   -1.30842474557395
C         0.83702977224597    0.77946869983505   -0.36667355794036
C         0.72341464005429    2.15675607227247   -1.09677042594600
O         0.76632549186059    3.20348323529763   -0.30796102954763
O         0.63262200311724    2.21665239069734   -2.28776703803003
N        -0.27451421327417    0.54048643516117    0.55486551528585
C        -0.34021432259987    1.15255804012816    1.74755385702929
C        -1.30427663575969    0.60977390004786    2.74117313665758
C        -2.32562621982140    1.41835999543666    3.22455474632185
C        -3.19397591708589    0.93253079540192    4.18576917048097
C        -3.03231385579585   -0.34934272027234    4.68450596610304
C        -1.99421880152945   -1.14483922634289    4.22811039038366
C        -1.13119608882465   -0.66984816955248    3.25731736155112
O         0.37546014681422    2.12002141138822    2.01036804489887
C        -1.09928030030672   -0.55063724911700    0.05676030252872
C        -0.66207373897135   -0.64775075919951   -1.40426018894971
C        -1.03031697263211   -2.02120253098849   -1.94859084529263
C        -2.39648798759648   -2.42987321655322   -1.36518375263227
C        -3.25055330041033   -1.21004487446916   -1.01121336717292
C        -2.61347727375592   -0.37411214491542    0.11709530927044
H         2.92320923874157    1.32293762335980   -3.85051643312220
H         5.21675923869039    2.19428542176353   -3.51776804649769
H         6.56383312507447    1.41273143141554   -1.60552075193344
H         5.63256198497056   -0.24936960098212   -0.04090764868231
H         3.34640372920859   -1.10971640349380   -0.37187428296928
H         1.78906316653681    0.77750371070038    0.18450855737408
H         0.76073042836166    2.94882139959157    0.66663371986048
H        -2.43556183316931    2.42118220347794    2.84073906980202
H        -3.99298021241673    1.55861855585135    4.55255796808381
H        -3.70839558848970   -0.72582634341470    5.43735005125150
H        -1.85390691627736   -2.13637735844718    4.63145771258403
H        -0.30904932694196   -1.28244240572000    2.91727534215631
H        -0.81044519851813   -1.47486523104723    0.57236792418878
H        -1.16413440715264    0.13234272976386   -1.99297786994796
H        -1.06320578142612   -1.98147915273114   -3.03499806546746
H        -0.26642623295410   -2.74714350532411   -1.67103615796510
H        -2.92952489668673   -3.04563158754491   -2.08939393296318
H        -2.25854495386031   -3.03373054137060   -0.46647956153934
H        -3.37573320008109   -0.59901218602300   -1.90524458920237
H        -4.24279718493115   -1.53641128152858   -0.69844864311883
H        -2.99219516391187   -0.69858546658311    1.08673170278581
H        -2.86977493927855    0.67893349603973   -0.00763250590252
50
 energy: -80.494080126208 gnorm: 0.008296842328 xtb: 6.3.3 (4ae9cef)
O         1.31255749171839   -1.08790963557809   -3.35640733550741
C         1.61612886735530   -0.47335480784451   -2.35965023319477
C         2.98652731658200    0.07412164954486   -2.12367605500344
C         3.52287429265291    0.98776096993461   -3.02113686888106
C         4.80191499584794    1.47865768552851   -2.82517993580650
C         5.55769221729004    1.04491346184295   -1.74885518975730
C         5.03633102624846    0.11020911028242   -0.86907563245382
C         3.75316152646637   -0.37270237017581   -1.05215603934561
N         0.75230959911221   -0.31519683432583   -1.30719470389630
C         0.83861379167028    0.77616243882284   -0.36555172199301
C         0.72897784612892    2.15213854535726   -1.09573435232091
O         0.77699147389341    3.19928774118948   -0.30891255285635
O         0.63778513192126    2.21321156378166   -2.28517998171291
N        -0.27364201476752    0.53938607763569    0.55550982394353
C        -0.33862016526223    1.15287486625883    1.74706946437188
C        -1.30304248739513    0.61236604891131    2.74183888744722
C        -2.32367497072612    1.42165032817098    3.22537959919767
C        -3.19489765818410    0.93452019655485    4.18341916936390
C        -3.03651398977083   -0.34898852263661    4.67923884200026
C        -1.99593528165985   -1.14335727385470    4.22621388300707
C        -1.13019644049476   -0.66713436514768    3.25853626824491
O         0.37817284195387    2.11984951503023    2.00853689192235
C        -1.09799735515483   -0.55314541707686    0.05835027260594
C        -0.66167929108580   -0.64993709384910   -1.40277816741824
C        -1.03193127881883   -2.02219687731999   -1.94879116691724
C        -2.39914797202483   -2.42967673155591   -1.36673395334770
C        -3.25100703848016   -1.20951588119303   -1.00921402733773
C        -2.61229067216212   -0.37739314740567    0.12093373604624
H         2.92445591829426    1.31605625905001   -3.85624857316485
H         5.21277357705609    2.19764659723535   -3.51770714601168
H         6.55630114756017    1.42870474803738   -1.59761152439577
H         5.63138891034098   -0.24436120012552   -0.04028478562317
H         3.34940891725753   -1.11430603007070   -0.37619819338679
H         1.79056056459655    0.77214448846171    0.18622167889470
H         0.76831706631591    2.94693068391262    0.66666793868986
H        -2.43120418620518    2.42570663563488    2.84400517283638
H        -3.99377083594732    1.56075710574325    4.55015483940561
H        -3.71690102748475   -0.72760452514924    5.42733309842052
H        -1.85587708925948   -2.13480581172293    4.62971529693856
H        -0.30619213969132   -1.27827557564678    2.92027229405130
H        -0.80775552100859   -1.47680957642918    0.57412182601678
H        -1.16291006915811    0.13088063073890   -1.99109874742566
H        -1.06462182313854   -1.98001963400891   -3.03473781651025
H        -0.26967076086915   -2.74958597857162   -1.67230259030817
H        -2.93329924013389   -3.04187837472900   -2.09324670561811
H        -2.26239729666662   -3.03672399432744   -0.47000275775485
H        -3.37582077032626   -0.59592932649906   -1.90140980341432
H        -4.24343520052160   -1.53516680523982   -0.69647375370999
H        -2.98965466556868   -0.70575720848412    1.08961632254047
H        -2.86915727829615    0.67579565130737    0.00041300912841
50
 energy: -80.494123261777 gnorm: 0.001678895549 xtb: 6.3.3 (4ae9cef)
O         1.31555667658060   -1.09043545178656   -3.35523163294618
C         1.61661100638769   -0.47311809192885   -2.35930767079075
C         2.98575802692292    0.07551232828098   -2.12206010069777
C         3.52171469695536    0.98996458829931   -3.01894628171681
C         4.80228231318883    1.47747067815473   -2.82515509617324
C         5.55922701809905    1.03985841680720   -1.75125067385315
C         5.03625209597173    0.10848875830401   -0.86907781762687
C         3.75152575435060   -0.37118374777815   -1.04995876420735
N         0.75113970395944   -0.31206512219065   -1.30811803913210
C         0.83838057446168    0.77762762461726   -0.36587913506763
C         0.72618279102152    2.15475163245929   -1.09670434794293
O         0.77425675953727    3.20233322279033   -0.30817625747084
O         0.63076922630377    2.21248014786595   -2.28935426537128
N        -0.27367802292011    0.53970525649928    0.55536059933114
C        -0.33834744051153    1.15210946552077    1.74805548874317
C        -1.30328300815168    0.61033550294574    2.74166577608626
C        -2.32483395507788    1.41931175462053    3.22397712631785
C        -3.19455682571466    0.93364518974145    4.18408250548898
C        -3.03424487792114   -0.34853116712380    4.68261392422907
C        -1.99588047369273   -1.14443078812048    4.22735539193297
C        -1.13145574498721   -0.66961373506696    3.25769657391404
O         0.37867228506033    2.11878288280580    2.01083449375935
C        -1.09837233217502   -0.55169825491813    0.05780607286045
C        -0.66214412202975   -0.64803824260898   -1.40341618450359
C        -1.03005459711408   -2.02107993149466   -1.94847851133032
C        -2.39688524511330   -2.42964785700269   -1.36653368316848
C        -3.25032274941017   -1.20981689108653   -1.01033405266102
C        -2.61266519471968   -0.37560901913897    0.11900012136222
H         2.92159764755602    1.32091557017938   -3.85179469678097
H         5.21321279532614    2.19660754363369   -3.51758433447381
H         6.56010605902881    1.41824372465337   -1.60367423542253
H         5.63101933634531   -0.24621471891970   -0.04002294591514
H         3.34667275388524   -1.11027573765590   -0.37202122336396
H         1.79032824882311    0.77449242806471    0.18577682277412
H         0.76934957184186    2.94794022282519    0.66651400902403
H        -2.43385835029008    2.42223869562054    2.84005386803255
H        -3.99367807730703    1.56012717514934    4.55008794228445
H        -3.71158973143327   -0.72494818877066    5.43438248952187
H        -1.85649493334210   -2.13621540260844    4.63055277084185
H        -0.30932321032867   -1.28255332529693    2.91813726435658
H        -0.80882362004023   -1.47586254620036    0.57304978665439
H        -1.16416600420758    0.13297888176571   -1.99093986821892
H        -1.06133212977831   -1.98150225506281   -3.03497957635010
H        -0.26633464003340   -2.74663062525858   -1.66953046079379
H        -2.93035180296640   -3.04331646014491   -2.09229527869281
H        -2.25982174593897   -3.03557570730698   -0.46897288597820
H        -3.37553068876245   -0.59734005510190   -1.90353041909255
H        -4.24261597943865   -1.53654042457327   -0.69789334990821
H        -2.99105026519371   -0.70134034500065    1.08834019943578
H        -2.86891957300743    0.67766240054180   -0.00412343730010
50
 energy: -80.494137732474 gnorm: 0.000480106119 xtb: 6.3.3 (4ae9cef)
O         1.31620385330402   -1.09278143760200   -3.35519908011436
C         1.61640458640463   -0.47434662502926   -2.35976213482403
C         2.98476392280068    0.07470215971383   -2.12207828244375
C         3.51915472009645    0.99017114653860   -3.01887878521928
C         4.79963383214407    1.47808888946614   -2.82608968423029
C         5.55754587533360    1.03985919675145   -1.75314533841116
C         5.03505412497337    0.10969776337075   -0.86952060336425
C         3.75031332490915   -0.37043130040682   -1.04930230688372
N         0.75004694402679   -0.31013599167962   -1.30944574672574
C         0.83886311211138    0.77774199683277   -0.36606565770544
C         0.72901847516654    2.15695365145334   -1.09531145979404
O         0.77507747439065    3.20323762682811   -0.30481953118654
O         0.63857855142654    2.21596970934061   -2.28835489954883
N        -0.27399290587602    0.54012936712135    0.55469188215537
C        -0.33567970714849    1.14987192176963    1.74942262293221
C        -1.30206690668431    0.60888693682615    2.74206519234688
C        -2.32390264560784    1.41883636739210    3.22227408175599
C        -3.19426352930997    0.93510095706770    4.18280514125273
C        -3.03459385297799   -0.34632592297870    4.68338125678974
C        -1.99786176353276   -1.14430717061730    4.22810455954319
C        -1.13260677556120   -0.67137330954530    3.25816803537393
O         0.38416551002366    2.11395806085104    2.01378703924568
C        -1.09852523995836   -0.55113036014279    0.05746368547804
C        -0.66274299169276   -0.64706773023830   -1.40389868940186
C        -1.02845558344245   -2.02083465648988   -1.94776911133384
C        -2.39610370139556   -2.43000649219238   -1.36821029804019
C        -3.25029069360705   -1.21089201635335   -1.01024485873325
C        -2.61290858877666   -0.37596718309992    0.11865207536544
H         2.91769146618896    1.32118895600338   -3.85075046218086
H         5.20932635436552    2.19814852241437   -3.51838206801674
H         6.55876793164717    1.41722425796507   -1.60719023680925
H         5.62994603934983   -0.24360218241197   -0.03984982421073
H         3.34612269945714   -1.10868590431023   -0.37011684001848
H         1.79009464506759    0.77319149534508    0.18673419842377
H         0.77096615253354    2.94642872071452    0.66858435829639
H        -2.43240598963263    2.42117669738834    2.83660610673412
H        -3.99355569728877    1.56248706959273    4.54713472104678
H        -3.71153637649863   -0.72070239559291    5.43639726266993
H        -1.86049974963613   -2.13648123704763    4.63129298488359
H        -0.31166686353496   -1.28616449904539    2.91904758758925
H        -0.80847832646307   -1.47529684029477    0.57251389056244
H        -1.16562663798399    0.13387553063217   -1.99075092638451
H        -1.05626490986589   -1.98421758589302   -3.03478270737146
H        -0.26426673533221   -2.74491494093896   -1.66473461828549
H        -2.92913772994139   -3.04205177409053   -2.09569378152214
H        -2.26021383525030   -3.03802313131204   -0.47175841819572
H        -3.37743827050808   -0.59823629137511   -1.90318815775170
H        -4.24187133648237   -1.53929425751107   -0.69708737958811
H        -2.99117777639982   -0.70090347764188    1.08843004591873
H        -2.86960447533154    0.67724771246173   -0.00517684006873
50
 energy: -80.494156348487 gnorm: 0.001007739004 xtb: 6.3.3 (4ae9cef)
O         1.31127645686242   -1.09300838925233   -3.35862939683526
C         1.61443846866247   -0.47745550830077   -2.36246544507788
C         2.98268173156053    0.07124410332618   -2.12500123559958
C         3.51416827159442    0.98824760940037   -3.02198809187988
C         4.79160868875020    1.48326565957429   -2.82703715333636
C         5.54937572422908    1.05025549218687   -1.75180275200066
C         5.03022867922982    0.11754670720560   -0.86880520355139
C         3.74829343390874   -0.36954040976801   -1.05059797316076
N         0.74998706372218   -0.31294106209036   -1.31018380031453
C         0.84241944136233    0.77272981377614   -0.36504563808603
C         0.74002327571141    2.15395948469211   -1.09222259326286
O         0.79249104716379    3.19902687589937   -0.30029983455056
O         0.65093222246492    2.21483183491760   -2.28555110556691
N        -0.27228598457201    0.53846070616636    0.55472006414286
C        -0.32883498869229    1.14600456800972    1.75111857287938
C        -1.29855295860568    0.60880254618614    2.74267866999926
C        -2.32023416923191    1.42124263966279    3.21888062600811
C        -3.19497031619998    0.93977092900998    4.17667498738053
C        -3.03997709936220   -0.34188363508570    4.67817394478927
C        -2.00341208549047   -1.14238352079037    4.22681607195792
C        -1.13365273357463   -0.67166558579564    3.25977415603127
O         0.39685474474866    2.10532456387958    2.01653404299229
C        -1.09678354534084   -0.55353339271154    0.05901888283692
C        -0.66312388694342   -0.64844278371920   -1.40293872570451
C        -1.02830649798361   -2.02189587204849   -1.94683724889456
C        -2.39834638135634   -2.42994060304336   -1.37197167046168
C        -3.25047974938819   -1.21108183905912   -1.00756456385046
C        -2.61129942257320   -0.38034518809606    0.12326640649935
H         2.91214678708954    1.31532085516112   -3.85504000748321
H         5.19852274575943    2.20527248356061   -3.51896203662649
H         6.54801065460388    1.43359114143478   -1.60357476342718
H         5.62526825107074   -0.23179889590492   -0.03751118528952
H         3.34685811174538   -1.10936612775984   -0.37142241122506
H         1.79280178859458    0.76357165072014    0.18937243802232
H         0.78765271115048    2.94071298078772    0.67216264746309
H        -2.42534429893305    2.42364007903584    2.83230758359821
H        -3.99417947461113    1.56909520059209    4.53795056950424
H        -3.72034475215789   -0.71443602903131    5.42905421825815
H        -1.86988992090146   -2.13491708571691    4.63052799127295
H        -0.31304655887909   -1.28845242629786    2.92341017055934
H        -0.80460383872505   -1.47763384318385    0.57319312492979
H        -1.16643770159781    0.13324737863867   -1.98829436067395
H        -1.05077179166442   -1.98718125890060   -3.03415262819444
H        -0.26536496686781   -2.74574384713752   -1.65901402614855
H        -2.93238423328177   -3.03550616258291   -2.10428799608342
H        -2.26565974263577   -3.04433766681922   -0.47923335621995
H        -3.37925248391491   -0.59499520229120   -1.89802073591160
H        -4.24162554153565   -1.54047517087356   -0.69380233210203
H        -2.98755917256807   -0.70933321939448    1.09252020027195
H        -2.86931600239624    0.67312942183089    0.00410090212176
50
 energy: -80.494167644843 gnorm: 0.000875971043 xtb: 6.3.3 (4ae9cef)
O         1.30904674095786   -1.09386736280026   -3.36150675299876
C         1.61358056317822   -0.47995239908381   -2.36479645052667
C         2.98113405506000    0.07011395006950   -2.12776686588932
C         3.51044877518918    0.98831336340728   -3.02485012072044
C         4.78553058359352    1.48857695643500   -2.82813971737969
C         5.54295103697963    1.05969350550723   -1.75100491895724
C         5.02627110676424    0.12539760688037   -0.86829839486590
C         3.74670505114615   -0.36718909532438   -1.05202585946089
N         0.75054806543551   -0.31673371351504   -1.31090818378641
C         0.84605748421035    0.76738197366137   -0.36428663228012
C         0.74930595860257    2.15038329745695   -1.08911303463686
O         0.80690745159042    3.19360527316282   -0.29551989726528
O         0.66062456065096    2.21427016387670   -2.28180744821288
N        -0.26966193032923    0.53576597127031    0.55496525278193
C        -0.32282318808837    1.14158731728171    1.75249947649808
C        -1.29582790644723    0.60769861462554    2.74244713248070
C        -2.31720135591036    1.42272192088180    3.21475681829682
C        -3.19560939343697    0.94402087013755    4.17057588856647
C        -3.04463163190093   -0.33743974404422    4.67375787833278
C        -2.00862889834112   -1.14064135739285    4.22594282836193
C        -1.13506008692249   -0.67259633457785    3.26103258019699
O         0.40733671033194    2.09701266923348    2.01902302377462
C        -1.09496399937753   -0.55602732773952    0.06010100187462
C        -0.66300068546002   -0.65061965563297   -1.40242257165494
C        -1.02950866321308   -2.02378545685203   -1.94603046971832
C        -2.40123430617447   -2.42972789976116   -1.37347677038824
C        -3.25065159054415   -1.21020811863721   -1.00512887759524
C        -2.60940987085092   -0.38357019595193    0.12737034617245
H         2.90812742509954    1.31220845228398   -3.85890000626726
H         5.19060242588449    2.21187355568610   -3.51973267053143
H         6.53947457384155    1.44791576119113   -1.60074513728650
H         5.62109782281253   -0.22041782732202   -0.03542666378045
H         3.34711817646382   -1.10836825141375   -0.37324742647966
H         1.79600591969974    0.75441345183660    0.19066936115467
H         0.80138950042545    2.93369268425581    0.67624186800790
H        -2.41924937268425    2.42494526816304    2.82690664011669
H        -3.99468404460930    1.57524922180851    4.52875065307785
H        -3.72806717394642   -0.70795995843842    5.42287235314737
H        -1.87863477750130   -2.13321394122688    4.63064103335023
H        -0.31491328879748   -1.29150422026246    2.92745916321368
H        -0.80159689797858   -1.48042838563461    0.57326066511677
H        -1.16633589799516    0.13143494497745   -1.98725435713564
H        -1.04943106033594   -1.99004275156863   -3.03344863203263
H        -0.26812191424973   -2.74853586814887   -1.65596609491596
H        -2.93657700897998   -3.03100378122666   -2.10835528817653
H        -2.27085349830006   -3.04781546986869   -0.48298916475748
H        -3.37937157751544   -0.59147966361812   -1.89374692258853
H        -4.24208581753768   -1.53878377969037   -0.69124470174436
H        -2.98375476127265   -0.71657079930377    1.09601252417271
H        -2.86837338921671    0.67020656494600    0.01285154333810
50
 energy: -80.494176342496 gnorm: 0.000613100758 xtb: 6.3.3 (4ae9cef)
O         1.30829515842906   -1.09536303934265   -3.36339695835768
C         1.61331537091256   -0.48186363874501   -2.36659816941787
C         2.98020442811380    0.07033305907126   -2.13020041810961
C         3.50803325288803    0.98937337118411   -3.02732514155944
C         4.78124795634267    1.49370266783905   -2.82909710182457
C         5.53826541842345    1.06834406994764   -1.75028715381417
C         5.02356319975593    0.13255462675692   -0.86804195643910
C         3.74599885524934   -0.36442100909849   -1.05357297401451
N         0.75129440875555   -0.32064451564759   -1.31160461512449
C         0.84911758867733    0.76229094166823   -0.36367963985053
C         0.75558092823913    2.14637233694681   -1.08645348211129
O         0.81930992820184    3.18822436936475   -0.29125329000593
O         0.66371886762200    2.21236552171992   -2.27900191649983
N        -0.26681265505045    0.53245486083640    0.55547636029904
C        -0.31793695529270    1.13709584656852    1.75360081649830
C        -1.29369926952171    0.60595076585260    2.74217964119162
C        -2.31471018181738    1.42342932702468    3.21093870851017
C        -3.19642321245770    0.94746441959455    4.16501774846578
C        -3.04908083491518   -0.33371069363916    4.66999625686363
C        -2.01338872354951   -1.13929593646479    4.22580743893948
C        -1.13649994584922   -0.67396291028839    3.26259754730033
O         0.41566980635617    2.08949804871210    2.02126788728361
C        -1.09334598165082   -0.55855942395460    0.06087427918265
C        -0.66269669138022   -0.65305118378305   -1.40209281639566
C        -1.03127246044129   -2.02584216724377   -1.94557230315942
C        -2.40402396011404   -2.42931968466053   -1.37345125016922
C        -3.25069820501161   -1.20852000288152   -1.00346693170653
C        -2.60760162223042   -0.38557314166813    0.13052218050544
H         2.90564198676517    1.31111482164461   -3.86210938376116
H         5.18522491230191    2.21761320521245   -3.52063918915642
H         6.53321842957684    1.46011839088227   -1.59865279879890
H         5.61823902384650   -0.21081583749415   -0.03412389235809
H         3.34771818100775   -1.10671591241902   -0.37524436717953
H         1.79919200702728    0.74645346166325    0.19093977846335
H         0.81385610001902    2.92695786503404    0.68023992415224
H        -2.41407374792437    2.42528445248178    2.82147083646930
H        -3.99503102909586    1.58068091317463    4.52060188782913
H        -3.73481684849264   -0.70194762716059    5.41813078048250
H        -1.88619941402518   -2.13156596867020    4.63204396904280
H        -0.31694962423256   -1.29494139099753    2.93141808347408
H        -0.79971992631435   -1.48344659656363    0.57309551839546
H        -1.16577051065013    0.12933595333226   -1.98673424261657
H        -1.05072140664843   -1.99217589543011   -3.03292523005092
H        -0.27133149330269   -2.75179359445889   -1.65505480344548
H        -2.94075920202949   -3.02832503076745   -2.10910077289858
H        -2.27505790039962   -3.04878151389394   -0.48377849813445
H        -3.37789931259403   -0.58798402319230   -1.89098479155144
H        -4.24292954343810   -1.53515310780974   -0.69006513944430
H        -2.98068656930408   -0.72178139146906    1.09846648980750
H        -2.86656858077741    0.66854194123114    0.01982109479896
50
 energy: -80.494184074021 gnorm: 0.000344717287 xtb: 6.3.3 (4ae9cef)
O         1.30960614131508   -1.09850595853017   -3.36385913486609
C         1.61391026996553   -0.48380084686577   -2.36746478208951
C         2.97996520112027    0.07137287754417   -2.13202477856562
C         3.50625307851580    0.99125899984533   -3.02917090331401
C         4.77837015328173    1.49817971946782   -2.83063643355595
C         5.53579059243152    1.07505447895216   -1.75128632284640
C         5.02282825732490    0.13832836524885   -0.86903133681836
C         3.74663410460031   -0.36167998200397   -1.05526232670461
N         0.75195706406001   -0.32352187744970   -1.31253163898867
C         0.85137075132667    0.75829395129945   -0.36320130145251
C         0.75927510150361    2.14347432263275   -1.08343767701283
O         0.82610548674837    3.18342201682103   -0.28625263063577
O         0.66502711663895    2.21244118115310   -2.27556244406850
N        -0.26432294294894    0.52904789389210    0.55600323369040
C        -0.31369626478876    1.13176501565214    1.75503973065406
C        -1.29204952119909    0.60304218781449    2.74229140103549
C        -2.31257731642078    1.42319736712403    3.20745986897478
C        -3.19698587652529    0.95066198136299    4.16066881462916
C        -3.05286187531853   -0.32982998581499    4.66831796069274
C        -2.01798232592833   -1.13820944729866    4.22739035640864
C        -1.13832754685950   -0.67627516022855    3.26503326504643
O         0.42282399045025    2.08148292119275    2.02440272237372
C        -1.09231966414436   -0.56062764177895    0.06095866543214
C        -0.66230792971381   -0.65520734176231   -1.40222903199430
C        -1.03298798425442   -2.02779680401312   -1.94536896504390
C        -2.40625360079504   -2.42906546405776   -1.37266343800171
C        -3.25076085681028   -1.20673820677868   -1.00313430504906
C        -2.60634424982467   -0.38603431777129    0.13160150478295
H         2.90371396028373    1.31162032452902   -3.86436503011338
H         5.18126278585568    2.22264083781309   -3.52223381048903
H         6.52946773090904    1.46974744459233   -1.59889888355565
H         5.61766707702815   -0.20321051914813   -0.03451573942628
H         3.34971727374838   -1.10498207379823   -0.37723454983486
H         1.80174763110318    0.74026615127394    0.19084028348595
H         0.82179467690983    2.92028645202268    0.68490772862646
H        -2.40917408321273    2.42455571505734    2.81604021667873
H        -3.99521719860667    1.58594233868984    4.51334711411344
H        -3.74096249323802   -0.69557919415683    5.41548812920310
H        -1.89354467405545   -2.13002213652612    4.63555281370421
H        -0.31944249197807   -1.29947209939128    2.93637184843557
H        -0.79948079321155   -1.48606277313505    0.57266440091486
H        -1.16509767843499    0.12734990740596   -1.98693924454557
H        -1.05308727087589   -1.99415417676480   -3.03265739064784
H        -0.27418342095299   -2.75491521042710   -1.65516440979504
H        -2.94398970664620   -3.02783025775801   -2.10770203340834
H        -2.27795232141636   -3.04798142060680   -0.48255907283682
H        -3.37587401783216   -0.58557543583748   -1.89043435878403
H        -4.24395264169061   -1.53108712708324   -0.69047462174649
H        -2.97916749611660   -0.72368807194842    1.09904570636291
H        -2.86438420132076    0.66842107954770    0.02286883094506
50
 energy: -80.494190427706 gnorm: 0.000405776584 xtb: 6.3.3 (4ae9cef)
O         1.31161635405357   -1.10258184653298   -3.36332864520578
C         1.61487100023049   -0.48596312389412   -2.36771290440115
C         2.98017264813991    0.07200394284473   -2.13337400088200
C         3.50456044248035    0.99283968705720   -3.03059377104292
C         4.77577424697579    1.50230731977244   -2.83224402617445
C         5.53422435564079    1.08105219825044   -1.75290241557377
C         5.02336697692124    0.14304560406925   -0.87075372643004
C         3.74826418119996   -0.35970007298914   -1.05698820449498
N         0.75276264140029   -0.32598826705563   -1.31304309845910
C         0.85303598887279    0.75490128078738   -0.36258167951389
C         0.76077767597473    2.14109227198497   -1.08040793404450
O         0.83102412026129    3.17973172103917   -0.28135920884217
O         0.66362492980950    2.21235384946508   -2.27220984994638
N        -0.26221220536060    0.52553969341281    0.55688731795798
C        -0.31023577471117    1.12658612824229    1.75670690956405
C        -1.29070936623279    0.60002165240204    2.74303632890034
C        -2.31070353834035    1.42273964559181    3.20490241634471
C        -3.19782534289467    0.95339312475569    4.15710841045446
C        -3.05684739515804   -0.32646719416260    4.66723371205580
C        -2.02249039716097   -1.13732622369259    4.22970404203390
C        -1.14023102088331   -0.67867649693967    3.26810544720989
O         0.42883501273889    2.07394020691663    2.02765907706220
C        -1.09168942324314   -0.56255344445420    0.06101338518804
C        -0.66172473361177   -0.65714120334172   -1.40222098264650
C        -1.03424624390012   -2.02928815517377   -1.94560896416582
C        -2.40761248563111   -2.42876438790012   -1.37180991495641
C        -3.25060815960003   -1.20497189517181   -1.00383284631059
C        -2.60550555960449   -0.38559887306679    0.13143959575477
H         2.90140322300322    1.31255278614189   -3.86558787520654
H         5.17728001514630    2.22729639165210   -3.52411274577815
H         6.52724785232087    1.47749075272962   -1.60095906498089
H         5.61908318173078   -0.19753027376650   -0.03649692776012
H         3.35304839026455   -1.10397141483927   -0.37901896267277
H         1.80378386708643    0.73564771378055    0.19078223499351
H         0.82790876272423    2.91467655058224    0.68947547252000
H        -2.40486146344050    2.42347991043842    2.81133841691307
H        -3.99542122136806    1.59079909259775    4.50734552673971
H        -3.74646583047531   -0.68938841784535    5.41437322869640
H        -1.90039299128820   -2.12851750468109    4.64008085644820
H        -0.32213748952872   -1.30408353348930    2.94166459898265
H        -0.80035173847923   -1.48856902185702    0.57252821695774
H        -1.16403926821474    0.12589458736701   -1.98674023960562
H        -1.05553893132497   -1.99512238428519   -3.03285680288333
H        -0.27619119368004   -2.75756325220529   -1.65648263720894
H        -2.94600166885190   -3.02839664191908   -2.10562400695249
H        -2.27951393222753   -3.04623017134399   -0.48067726242606
H        -3.37340790355978   -0.58383765207721   -1.89144111064500
H        -4.24479397852520   -1.52713258268967   -0.69219654631762
H        -2.97901525179836   -0.72330545556458    1.09859195026391
H        -2.86189135788074    0.66928337905676    0.02318721048631
50
 energy: -80.494195899320 gnorm: 0.000675558832 xtb: 6.3.3 (4ae9cef)
O         1.31355935187654   -1.10673783387594   -3.36182918167466
C         1.61609843520557   -0.48845887365539   -2.36696336127699
C         2.98072717919412    0.07202356596554   -2.13383581580992
C         3.50259682668718    0.99414864257733   -3.03116778767631
C         4.77320826095996    1.50564560893010   -2.83406303685346
C         5.53359793989986    1.08532739985608   -1.75576634161383
C         5.02523372734565    0.14607935334100   -0.87343930927816
C         3.75085202682089   -0.35880869796315   -1.05852108292762
N         0.75372318753231   -0.32774339968015   -1.31283616854464
C         0.85451161092826    0.75230659575305   -0.36149084496248
C         0.76128704329838    2.13919178796359   -1.07753229656449
O         0.83280581820610    3.17655044749437   -0.27717394072454
O         0.66087365425588    2.21220756180765   -2.26912447352846
N        -0.26051124762188    0.52245386242271    0.55807895261997
C        -0.30738388072581    1.12191419120731    1.75861606819492
C        -1.28987411573233    0.59722611549319    2.74409282093661
C        -2.30934475034147    1.42224799615263    3.20310446410142
C        -3.19849837031864    0.95595277932888    4.15486958356909
C        -3.06012376637242   -0.32322656529632    4.66744613675391
C        -2.02656151048326   -1.13648463998661    4.23251189613749
C        -1.14226642443198   -0.68091634302175    3.27126428616814
O         0.43373943521000    2.06733556049528    2.03093165683711
C        -1.09132758089810   -0.56403158715827    0.06111084824574
C        -0.66093081595470   -0.65846792183355   -1.40200771516167
C        -1.03489487299553   -2.02998478269893   -1.94610646715296
C        -2.40817258107102   -2.42851483204757   -1.37155876828342
C        -3.25030342377410   -1.20364818781449   -1.00518882894898
C        -2.60498814170957   -0.38457345476044    0.13018807057677
H         2.89845962821476    1.31307620984050   -3.86578755662912
H         5.17264907301932    2.23164848281942   -3.52608714346191
H         6.52577045584954    1.48413006759244   -1.60421088237438
H         5.62227265636716   -0.19360079697976   -0.03973673180651
H         3.35778016364836   -1.10413939855670   -0.38044967306077
H         1.80548772088441    0.73238537396544    0.19151906954415
H         0.83192627562525    2.91001283294047    0.69331625076679
H        -2.40107756677195    2.42259537527489    2.80796848850546
H        -3.99578277647745    1.59510161349580    4.50263325206076
H        -3.75183029470391   -0.68408468230445    5.41367483813446
H        -1.90669304269054   -2.12722148873153    4.64465440801769
H        -0.32472094034635   -1.30816525694954    2.94696175414639
H        -0.80196556050107   -1.49057596603721    0.57273963171043
H        -1.16262924360872    0.12523904221511   -1.98613309799571
H        -1.05720346984158   -1.99495258809396   -3.03327873036132
H        -0.27733529613975   -2.75917452438773   -1.65824165505327
H        -2.94684513348445   -3.02925314832199   -2.10426581135624
H        -2.28000854281189   -3.04451936494731   -0.47941960134279
H        -3.37129798502021   -0.58286722241148   -1.89326225973352
H        -4.24520802955374   -1.52426739490256   -0.69445210185113
H        -2.97996372831631   -0.72104059040908    1.09718936668327
H        -2.85941737833062    0.67065907589272    0.02105682229836
50
 energy: -80.494201165212 gnorm: 0.000475936860 xtb: 6.3.3 (4ae9cef)
O         1.31547245103944   -1.11112334900590   -3.35968041467288
C         1.61749426782449   -0.49129826304998   -2.36563044210171
C         2.98157004127717    0.07118619907889   -2.13383511473673
C         3.50029887534470    0.99487392913878   -3.03136272211405
C         4.77015828851822    1.50890054822432   -2.83579697253864
C         5.53298421969907    1.08946615387275   -1.75889698723630
C         5.02783558432741    0.14853093248452   -0.87650930160337
C         3.75417213821990   -0.35881292783046   -1.05996872742642
N         0.75489404277260   -0.32962066351483   -1.31190325654059
C         0.85575814358830    0.74988995236986   -0.36006001396891
C         0.76102721923043    2.13736744705786   -1.07468983464328
O         0.83459206258108    3.17412943637824   -0.27341381780689
O         0.65797859776469    2.21156738214375   -2.26583651666104
N        -0.25915197167881    0.51950231727163    0.55962727436042
C        -0.30510048196426    1.11795696919642    1.76070089732246
C        -1.28929034839023    0.59506652318973    2.74553893403236
C        -2.30821372853303    1.42212422503650    3.20214799542026
C        -3.19947532415444    0.95827934056000    4.15311201458231
C        -3.06368510458027   -0.32046966320223    4.66741814682109
C        -2.03062644055609   -1.13568670093891    4.23501173410045
C        -1.14430973266716   -0.68264660381082    3.27439525216411
O         0.43788627231154    2.06166156087573    2.03395013129301
C        -1.09121339170648   -0.56540372604574    0.06144352670812
C        -0.65992472144824   -0.65968639101090   -1.40144460185214
C        -1.03501143589191   -2.03035810846000   -1.94685512756139
C        -2.40818335525483   -2.42822274004722   -1.37179856769435
C        -3.24987729327245   -1.20263188861945   -1.00680224315950
C        -2.60470446187234   -0.38326333164218    0.12852577994052
H         2.89441725915521    1.31333770639240   -3.86489040912291
H         5.16702101530030    2.23611924208854   -3.52804615386584
H         6.52469571432580    1.48980223992597   -1.60881892580441
H         5.62695998901252   -0.19078632008770   -0.04414726773682
H         3.36368500110979   -1.10532118792572   -0.38170441795409
H         1.80680668859506    0.72986407981030    0.19277677532584
H         0.83520331905189    2.90645874739653    0.69671391803216
H        -2.39793429992642    2.42209308293644    2.80562280206180
H        -3.99625504450430    1.59906612173845    4.49901460525572
H        -3.75667976868195   -0.67921343033967    5.41344513681285
H        -1.91266976907541   -2.12599140554037    4.64876284170313
H        -0.32736537550121   -1.31158194378803    2.95185710077907
H        -0.80404798143997   -1.49247979328542    0.57331825892983
H        -1.16072299401734    0.12495214241777   -1.98509060444939
H        -1.05828722079942   -1.99392260445427   -3.03398648290103
H        -0.27783026866093   -2.76057481989166   -1.66057577218439
H        -2.94689097116254   -3.02981861661874   -2.10376607792722
H        -2.28004437867697   -3.04319838419555   -0.47895659208578
H        -3.36965691199236   -0.58240051825491   -1.89540866200468
H        -4.24525060503250   -1.52227172515504   -0.69670085215222
H        -2.98150636804755   -0.71773436499638    1.09554254403114
H        -2.85700144156009    0.67232319212624    0.01764921083003
50
 energy: -80.494206104678 gnorm: 0.000381839251 xtb: 6.3.3 (4ae9cef)
O         1.31711907347608   -1.11529835274467   -3.35719610106855
C         1.61900382085673   -0.49445213355745   -2.36376998994440
C         2.98252428412176    0.06977635668159   -2.13324079693709
C         3.49738735641209    0.99548285852187   -3.03095428810896
C         4.76646098592882    1.51221391764968   -2.83746209973711
C         5.53239682046486    1.09328491143509   -1.76254905639027
C         5.03105692316410    0.15040514917639   -0.88004560141026
C         3.75800694573791   -0.35944741291301   -1.06121030380073
N         0.75629913962657   -0.33169749414239   -1.31028957330330
C         0.85730237553974    0.74737038968551   -0.35815576879993
C         0.76134883877541    2.13522463630844   -1.07198975308796
O         0.83669511485633    3.17162950758787   -0.27036182634061
O         0.65480822494374    2.20998686293207   -2.26283130752643
N        -0.25786401588466    0.51677141482021    0.56139262952158
C        -0.30308748954979    1.11467996567748    1.76281084056436
C        -1.28904237875685    0.59357360739408    2.74691165115939
C        -2.30739845973604    1.42245107705702    3.20153720296842
C        -3.20055101090483    0.96067999363349    4.15174878895745
C        -3.06717633388758   -0.31780056572891    4.66737181440705
C        -2.03474637783434   -1.13484974565940    4.23690632731206
C        -1.14661559684803   -0.68393975505143    3.27691735901391
O         0.44172692461311    2.05672002519560    2.03667045426200
C        -1.09108828825499   -0.56665089421101    0.06201133447894
C        -0.65871963695629   -0.66069168746288   -1.40059137553959
C        -1.03483055247885   -2.03037657934877   -1.94751674522550
C        -2.40807889351675   -2.42792024700911   -1.37265348553871
C        -3.24946153174929   -1.20190277567931   -1.00820738221564
C        -2.60440484700009   -0.38204195894611    0.12699263481147
H         2.88914209653355    1.31318373316369   -3.86308264698029
H         5.16015373310530    2.24107252375333   -3.52979915265560
H         6.52352236987719    1.49572408797445   -1.61400106792684
H         5.63264554020676   -0.18832799599721   -0.04919563356020
H         3.37047511356769   -1.10723715846850   -0.38265942437405
H         1.80824045633376    0.72729780040930    0.19480335749251
H         0.83897051681938    2.90341477009117    0.69939798572262
H        -2.39518706151427    2.42224351516990    2.80411680024459
H        -3.99688622691248    1.60289148453846    4.49605521635294
H        -3.76162547169895   -0.67491843099771    5.41284569424561
H        -1.91873906937707   -2.12496628647840    4.65167918884319
H        -0.33019516859393   -1.31434621005438    2.95590866369545
H        -0.80608977570027   -1.49426486946371    0.57408812835407
H        -1.15843935070019    0.12498880849238   -1.98374408574788
H        -1.05840461460893   -1.99251077511417   -3.03459091098778
H        -0.27806518537477   -2.76150615346115   -1.66249666698101
H        -2.94678449598013   -3.02957482350311   -2.10460579571131
H        -2.28021420806398   -3.04274306955847   -0.47965862491768
H        -3.36880087763681   -0.58200194938974   -1.89714209355259
H        -4.24500901155112   -1.52121359932754   -0.69834243615021
H        -2.98312044932264   -0.71424893095428    1.09409563517329
H        -2.85466027456685    0.67386245787328    0.01408028693927
